SF:/Users/dacanetdev/Dev/AIGenerated/RoadmapSkills/src/Shared/DeventSoft.RoadmapSkills.Shared.Domain/Common/Entity.cs
FN:4,System.Guid DeventSoft.RoadmapSkills.Shared.Domain.Common.Entity::get_Id()
FNDA:0,System.Guid DeventSoft.RoadmapSkills.Shared.Domain.Common.Entity::get_Id()
DA:5,0
FN:5,System.DateTime DeventSoft.RoadmapSkills.Shared.Domain.Common.Entity::get_CreatedAt()
FNDA:0,System.DateTime DeventSoft.RoadmapSkills.Shared.Domain.Common.Entity::get_CreatedAt()
DA:6,0
FN:6,System.Nullable`1<System.DateTime> DeventSoft.RoadmapSkills.Shared.Domain.Common.Entity::get_UpdatedAt()
FNDA:0,System.Nullable`1<System.DateTime> DeventSoft.RoadmapSkills.Shared.Domain.Common.Entity::get_UpdatedAt()
DA:7,0
FN:7,System.Boolean DeventSoft.RoadmapSkills.Shared.Domain.Common.Entity::get_IsDeleted()
FNDA:0,System.Boolean DeventSoft.RoadmapSkills.Shared.Domain.Common.Entity::get_IsDeleted()
DA:8,0
FN:16,System.Void DeventSoft.RoadmapSkills.Shared.Domain.Common.Entity::MarkAsDeleted()
FNDA:0,System.Void DeventSoft.RoadmapSkills.Shared.Domain.Common.Entity::MarkAsDeleted()
DA:17,0
DA:18,0
DA:19,0
DA:20,0
FN:22,System.Void DeventSoft.RoadmapSkills.Shared.Domain.Common.Entity::Update()
FNDA:0,System.Void DeventSoft.RoadmapSkills.Shared.Domain.Common.Entity::Update()
DA:23,0
DA:24,0
DA:25,0
FN:9,System.Void DeventSoft.RoadmapSkills.Shared.Domain.Common.Entity::.ctor()
FNDA:0,System.Void DeventSoft.RoadmapSkills.Shared.Domain.Common.Entity::.ctor()
DA:10,0
DA:11,0
DA:12,0
DA:13,0
DA:14,0
LF:16
LH:0
BRF:0
BRH:0
FNF:7
FNH:0
end_of_record
SF:/Users/dacanetdev/Dev/AIGenerated/RoadmapSkills/src/Modules/Users/DeventSoft.RoadmapSkills.Users.Domain/Entities/User.cs
FN:6,System.String DeventSoft.RoadmapSkills.Users.Domain.Entities.User::get_Username()
FNDA:0,System.String DeventSoft.RoadmapSkills.Users.Domain.Entities.User::get_Username()
DA:7,0
FN:7,System.String DeventSoft.RoadmapSkills.Users.Domain.Entities.User::get_Email()
FNDA:0,System.String DeventSoft.RoadmapSkills.Users.Domain.Entities.User::get_Email()
DA:8,0
FN:8,System.String DeventSoft.RoadmapSkills.Users.Domain.Entities.User::get_FirstName()
FNDA:0,System.String DeventSoft.RoadmapSkills.Users.Domain.Entities.User::get_FirstName()
DA:9,0
FN:9,System.String DeventSoft.RoadmapSkills.Users.Domain.Entities.User::get_LastName()
FNDA:0,System.String DeventSoft.RoadmapSkills.Users.Domain.Entities.User::get_LastName()
DA:10,0
FN:10,System.String DeventSoft.RoadmapSkills.Users.Domain.Entities.User::get_PasswordHash()
FNDA:0,System.String DeventSoft.RoadmapSkills.Users.Domain.Entities.User::get_PasswordHash()
DA:11,0
FN:11,System.Boolean DeventSoft.RoadmapSkills.Users.Domain.Entities.User::get_IsActive()
FNDA:0,System.Boolean DeventSoft.RoadmapSkills.Users.Domain.Entities.User::get_IsActive()
DA:12,0
FN:26,System.Void DeventSoft.RoadmapSkills.Users.Domain.Entities.User::UpdateProfile(System.String,System.String)
FNDA:0,System.Void DeventSoft.RoadmapSkills.Users.Domain.Entities.User::UpdateProfile(System.String,System.String)
DA:27,0
DA:28,0
DA:29,0
DA:30,0
DA:31,0
FN:33,System.Void DeventSoft.RoadmapSkills.Users.Domain.Entities.User::UpdateEmail(System.String)
FNDA:0,System.Void DeventSoft.RoadmapSkills.Users.Domain.Entities.User::UpdateEmail(System.String)
DA:34,0
DA:35,0
DA:36,0
DA:37,0
FN:39,System.Void DeventSoft.RoadmapSkills.Users.Domain.Entities.User::UpdatePassword(System.String)
FNDA:0,System.Void DeventSoft.RoadmapSkills.Users.Domain.Entities.User::UpdatePassword(System.String)
DA:40,0
DA:41,0
DA:42,0
DA:43,0
FN:45,System.Void DeventSoft.RoadmapSkills.Users.Domain.Entities.User::Deactivate()
FNDA:0,System.Void DeventSoft.RoadmapSkills.Users.Domain.Entities.User::Deactivate()
DA:46,0
DA:47,0
DA:48,0
DA:49,0
FN:51,System.Void DeventSoft.RoadmapSkills.Users.Domain.Entities.User::Activate()
FNDA:0,System.Void DeventSoft.RoadmapSkills.Users.Domain.Entities.User::Activate()
DA:52,0
DA:53,0
DA:54,0
DA:55,0
FN:13,System.Void DeventSoft.RoadmapSkills.Users.Domain.Entities.User::.ctor()
FNDA:0,System.Void DeventSoft.RoadmapSkills.Users.Domain.Entities.User::.ctor()
DA:14,0
FN:15,System.Void DeventSoft.RoadmapSkills.Users.Domain.Entities.User::.ctor(System.String,System.String,System.String,System.String,System.String)
FNDA:0,System.Void DeventSoft.RoadmapSkills.Users.Domain.Entities.User::.ctor(System.String,System.String,System.String,System.String,System.String)
DA:16,0
DA:17,0
DA:18,0
DA:19,0
DA:20,0
DA:21,0
DA:22,0
DA:23,0
DA:24,0
LF:37
LH:0
BRF:0
BRH:0
FNF:13
FNH:0
end_of_record
SF:/Users/dacanetdev/Dev/AIGenerated/RoadmapSkills/src/Modules/Users/DeventSoft.RoadmapSkills.Users.Domain/Common/Entity.cs
FN:4,System.Guid DeventSoft.RoadmapSkills.Users.Domain.Common.Entity::get_Id()
FNDA:0,System.Guid DeventSoft.RoadmapSkills.Users.Domain.Common.Entity::get_Id()
DA:5,0
FN:5,System.DateTime DeventSoft.RoadmapSkills.Users.Domain.Common.Entity::get_CreatedAt()
FNDA:0,System.DateTime DeventSoft.RoadmapSkills.Users.Domain.Common.Entity::get_CreatedAt()
DA:6,0
FN:6,System.Nullable`1<System.DateTime> DeventSoft.RoadmapSkills.Users.Domain.Common.Entity::get_UpdatedAt()
FNDA:0,System.Nullable`1<System.DateTime> DeventSoft.RoadmapSkills.Users.Domain.Common.Entity::get_UpdatedAt()
DA:7,0
FN:7,System.Boolean DeventSoft.RoadmapSkills.Users.Domain.Common.Entity::get_IsDeleted()
FNDA:0,System.Boolean DeventSoft.RoadmapSkills.Users.Domain.Common.Entity::get_IsDeleted()
DA:8,0
FN:16,System.Void DeventSoft.RoadmapSkills.Users.Domain.Common.Entity::MarkAsDeleted()
FNDA:0,System.Void DeventSoft.RoadmapSkills.Users.Domain.Common.Entity::MarkAsDeleted()
DA:17,0
DA:18,0
DA:19,0
DA:20,0
FN:22,System.Void DeventSoft.RoadmapSkills.Users.Domain.Common.Entity::Update()
FNDA:0,System.Void DeventSoft.RoadmapSkills.Users.Domain.Common.Entity::Update()
DA:23,0
DA:24,0
DA:25,0
FN:9,System.Void DeventSoft.RoadmapSkills.Users.Domain.Common.Entity::.ctor()
FNDA:0,System.Void DeventSoft.RoadmapSkills.Users.Domain.Common.Entity::.ctor()
DA:10,0
DA:11,0
DA:12,0
DA:13,0
DA:14,0
LF:16
LH:0
BRF:0
BRH:0
FNF:7
FNH:0
end_of_record