<?xml version="1.0" encoding="utf-8"?>
<coverage line-rate="0" branch-rate="1" version="1.9" timestamp="1743741136" lines-covered="0" lines-valid="1" branches-covered="0" branches-valid="0">
  <sources>
    <source></source>
  </sources>
  <packages>
    <package name="DeventSoft.RoadmapSkills.Api" line-rate="0" branch-rate="1" complexity="1">
      <classes>
        <class name="WeatherForecast" filename="/Users/dacanetdev/Dev/AIGenerated/RoadmapSkills/src/DeventSoft.RoadmapSkills.Api/Program.cs" line-rate="0" branch-rate="1" complexity="1">
          <methods>
            <method name="get_TemperatureF" signature="()" line-rate="0" branch-rate="1" complexity="1">
              <lines>
                <line number="43" hits="0" branch="False" />
              </lines>
            </method>
          </methods>
          <lines>
            <line number="43" hits="0" branch="False" />
          </lines>
        </class>
      </classes>
    </package>
  </packages>
</coverage>